2025-03-18 15:49:42,850 - root - INFO - 로그 파일 경로: C:\Users\USER\BlueAI\logs\blueai_client_20250318_154942.log
2025-03-18 15:49:42,851 - root - INFO - 로깅 레벨 설정됨: INFO
2025-03-18 15:49:42,851 - __main__ - INFO - BlueAI 클라이언트 CLI 시작
2025-03-18 15:49:42,851 - automation.browser_manager - INFO - 브라우저 초기화 중 (타입: chromium, 헤드리스: False)
2025-03-18 15:49:43,838 - automation.browser_manager - INFO - 브라우저가 성공적으로 초기화되었습니다.
2025-03-18 15:49:58,559 - automation.task_parser - INFO - 명령어 파싱 시작: 네이버에서 서울 날씨 검색해줘
2025-03-18 15:49:58,562 - automation.task_parser - WARNING - 명령어에 맞는 작업을 찾을 수 없음: 네이버에서 서울 날씨 검색해줘
2025-03-18 15:50:11,353 - automation.task_parser - INFO - 명령어 파싱 시작: 구글에서 사과 이미지 검색해줘
2025-03-18 15:50:11,353 - automation.task_parser - WARNING - 명령어에 맞는 작업을 찾을 수 없음: 구글에서 사과 이미지 검색해줘
2025-03-18 15:50:18,542 - automation.task_parser - INFO - 명령어 파싱 시작: 나라장터에서 RPA 공고 검색해줘
2025-03-18 15:50:18,543 - automation.task_parser - INFO - 선택된 작업: nara_marketplace (점수: 0.70)
2025-03-18 15:50:18,543 - automation.task_parser - INFO - 작업 실행: NaraMarketplaceTask, 매개변수: {'search_term': 'rpa 공고', 'max_items': 5, 'save_path': 'C:\\Users\\USER\\Documents\\BlueAI'}
2025-03-18 15:50:18,544 - automation.tasks.nara_marketplace - INFO - 나라장터 작업 실행: {'search_term': 'rpa 공고', 'max_items': 5, 'save_path': 'C:\\Users\\USER\\Documents\\BlueAI'}
2025-03-18 15:50:18,838 - automation.tasks.nara_marketplace - INFO - 나라장터 사이트 접속 중...
2025-03-18 15:50:22,845 - automation.tasks.nara_marketplace - INFO - 검색어 입력: rpa 공고
2025-03-18 15:50:52,926 - automation.tasks.nara_marketplace - ERROR - 페이지 로딩 시간 초과
2025-03-18 15:51:39,927 - automation.task_parser - INFO - 명령어 파싱 시작: exut
2025-03-18 15:51:39,927 - automation.task_parser - WARNING - 명령어에 맞는 작업을 찾을 수 없음: exut
2025-03-18 15:51:41,303 - automation.browser_manager - INFO - 브라우저 종료 중...
2025-03-18 15:51:41,596 - automation.browser_manager - INFO - Playwright 종료 중...
2025-03-18 15:51:41,619 - automation.browser_manager - INFO - 브라우저가 성공적으로 종료되었습니다.
