2025-03-18 15:01:55,955 - root - INFO - 로그 파일 경로: C:\Users\USER\BlueAI\logs\blueai_client_20250318_150155.log
2025-03-18 15:01:55,956 - root - INFO - 로깅 레벨 설정됨: INFO
2025-03-18 15:01:55,956 - __main__ - INFO - BlueAI 클라이언트 CLI 시작
2025-03-18 15:01:55,956 - automation.browser_manager - INFO - 브라우저 초기화 중 (타입: chromium, 헤드리스: False)
2025-03-18 15:01:57,182 - automation.browser_manager - INFO - 브라우저가 성공적으로 초기화되었습니다.
2025-03-18 15:02:06,813 - automation.task_parser - INFO - 명령어 파싱 시작: python cli.py "나라장터에서 RPA 공고를 검색해줘"
2025-03-18 15:02:06,816 - automation.task_parser - INFO - 선택된 작업: nara_marketplace (점수: 0.70)
2025-03-18 15:02:06,816 - automation.task_parser - INFO - 작업 실행: NaraMarketplaceTask, 매개변수: {'search_term': 'python cli.py "나라장터에서 rpa 공고를', 'max_items': 5, 'save_path': 'C:\\Users\\USER\\Documents\\BlueAI'}
2025-03-18 15:02:06,816 - automation.tasks.nara_marketplace - INFO - 나라장터 작업 실행: {'search_term': 'python cli.py "나라장터에서 rpa 공고를', 'max_items': 5, 'save_path': 'C:\\Users\\USER\\Documents\\BlueAI'}
2025-03-18 15:02:07,226 - automation.tasks.nara_marketplace - INFO - 나라장터 사이트 접속 중...
2025-03-18 15:02:12,788 - automation.tasks.nara_marketplace - INFO - 검색어 입력: python cli.py "나라장터에서 rpa 공고를
2025-03-18 15:02:42,850 - automation.tasks.nara_marketplace - ERROR - 페이지 로딩 시간 초과
2025-03-18 15:40:27,113 - automation.task_parser - INFO - 명령어 파싱 시작: python cli.py "나라장터에서 RPA 공고를 검색해줘"
2025-03-18 15:40:27,114 - automation.task_parser - INFO - 선택된 작업: nara_marketplace (점수: 0.70)
2025-03-18 15:40:27,115 - automation.task_parser - INFO - 작업 실행: NaraMarketplaceTask, 매개변수: {'search_term': 'python cli.py "나라장터에서 rpa 공고를', 'max_items': 5, 'save_path': 'C:\\Users\\USER\\Documents\\BlueAI'}
2025-03-18 15:40:27,115 - automation.tasks.nara_marketplace - INFO - 나라장터 작업 실행: {'search_term': 'python cli.py "나라장터에서 rpa 공고를', 'max_items': 5, 'save_path': 'C:\\Users\\USER\\Documents\\BlueAI'}
2025-03-18 15:40:27,343 - automation.tasks.nara_marketplace - INFO - 나라장터 사이트 접속 중...
2025-03-18 15:40:31,462 - automation.tasks.nara_marketplace - INFO - 검색어 입력: python cli.py "나라장터에서 rpa 공고를
2025-03-18 15:41:01,529 - automation.tasks.nara_marketplace - ERROR - 페이지 로딩 시간 초과
2025-03-18 15:41:44,177 - automation.task_parser - INFO - 명령어 파싱 시작: python cli.py "나라장터에서 RPA 공고를 검색해줘"
2025-03-18 15:41:44,177 - automation.task_parser - INFO - 선택된 작업: nara_marketplace (점수: 0.70)
2025-03-18 15:41:44,177 - automation.task_parser - INFO - 작업 실행: NaraMarketplaceTask, 매개변수: {'search_term': 'python cli.py "나라장터에서 rpa 공고를', 'max_items': 5, 'save_path': 'C:\\Users\\USER\\Documents\\BlueAI'}
2025-03-18 15:41:44,177 - automation.tasks.nara_marketplace - INFO - 나라장터 작업 실행: {'search_term': 'python cli.py "나라장터에서 rpa 공고를', 'max_items': 5, 'save_path': 'C:\\Users\\USER\\Documents\\BlueAI'}
2025-03-18 15:41:44,291 - automation.tasks.nara_marketplace - INFO - 나라장터 사이트 접속 중...
2025-03-18 15:41:48,818 - automation.tasks.nara_marketplace - INFO - 검색어 입력: python cli.py "나라장터에서 rpa 공고를
2025-03-18 15:41:58,645 - automation.tasks.nara_marketplace - ERROR - 나라장터 작업 실행 중 오류: Page.fill: Target page, context or browser has been closed
Call log:
  - waiting for locator("input[name=\"bidNm\"]")

2025-03-18 15:42:00,193 - automation.task_parser - INFO - 명령어 파싱 시작: python cli.py "나라장터에서 RPA 공고를 검색해줘"
2025-03-18 15:42:00,194 - automation.task_parser - INFO - 선택된 작업: nara_marketplace (점수: 0.70)
2025-03-18 15:42:00,194 - automation.task_parser - INFO - 작업 실행: NaraMarketplaceTask, 매개변수: {'search_term': 'python cli.py "나라장터에서 rpa 공고를', 'max_items': 5, 'save_path': 'C:\\Users\\USER\\Documents\\BlueAI'}
2025-03-18 15:42:00,195 - automation.tasks.nara_marketplace - INFO - 나라장터 작업 실행: {'search_term': 'python cli.py "나라장터에서 rpa 공고를', 'max_items': 5, 'save_path': 'C:\\Users\\USER\\Documents\\BlueAI'}
2025-03-18 15:42:00,384 - automation.tasks.nara_marketplace - INFO - 나라장터 사이트 접속 중...
2025-03-18 15:42:05,703 - automation.tasks.nara_marketplace - INFO - 검색어 입력: python cli.py "나라장터에서 rpa 공고를
2025-03-18 15:42:35,778 - automation.tasks.nara_marketplace - ERROR - 페이지 로딩 시간 초과
2025-03-18 15:48:48,921 - automation.task_parser - INFO - 명령어 파싱 시작: 달러환율 알려줘
2025-03-18 15:48:48,922 - automation.task_parser - WARNING - 명령어에 맞는 작업을 찾을 수 없음: 달러환율 알려줘
2025-03-18 15:48:53,335 - automation.task_parser - INFO - 명령어 파싱 시작: 달려 환율 알려줘
2025-03-18 15:48:53,335 - automation.task_parser - WARNING - 명령어에 맞는 작업을 찾을 수 없음: 달려 환율 알려줘
2025-03-18 15:49:22,513 - automation.task_parser - INFO - 명령어 파싱 시작: 네이버에서 서울 날씨 검색해줘
2025-03-18 15:49:22,514 - automation.task_parser - WARNING - 명령어에 맞는 작업을 찾을 수 없음: 네이버에서 서울 날씨 검색해줘
